<?xml version="1.0" encoding="UTF-8"?>
<!-- Generated by org.testng.reporters.JUnitReportReporter -->
<testsuite hostname="MacBook-Pro.local" failures="0" tests="3" name="com.neotech.testcases.LoginTest" time="29.138" errors="0" timestamp="2022-06-09T17:31:18 MDT" skipped="0">
  <testcase classname="com.neotech.testcases.LoginTest" name="validLogin" time="9.874"/>
  <system-out/>
  <testcase classname="com.neotech.testcases.LoginTest" name="invalidPasswordLogin" time="11.986"/>
  <system-out/>
  <testcase classname="com.neotech.testcases.LoginTest" name="emptyPasswordLogin" time="7.278"/>
  <system-out/>
</testsuite> <!-- com.neotech.testcases.LoginTest -->
