<?xml version="1.0" encoding="UTF-8"?>
<!-- Generated by org.testng.reporters.JUnitReportReporter -->
<testsuite hostname="Semas-MacBook-Pro.local" failures="0" tests="2" name="com.qa.testcases.ClassB" time="0.011" errors="0" timestamp="2023-11-13T14:39:01 EST" skipped="0">
  <testcase classname="com.qa.testcases.ClassB" name="testB" time="0.004"/>
  <system-out/>
  <testcase classname="com.qa.testcases.ClassB" name="testA" time="0.007"/>
  <system-out/>
</testsuite> <!-- com.qa.testcases.ClassB -->
