<?xml version="1.0" encoding="UTF-8"?>
<!-- Generated by org.testng.reporters.JUnitReportReporter -->
<testsuite hostname="Semas-MacBook-Pro.local" failures="0" tests="2" name="com.neotech.testcases.ClassB" time="0.008" errors="0" timestamp="2022-06-12T14:01:11 MDT" skipped="0">
  <testcase classname="com.neotech.testcases.ClassB" name="testA" time="0.006"/>
  <system-out/>
  <testcase classname="com.neotech.testcases.ClassB" name="testB" time="0.002"/>
  <system-out/>
</testsuite> <!-- com.neotech.testcases.ClassB -->
