<?xml version="1.0" encoding="UTF-8"?>
<!-- Generated by org.testng.reporters.JUnitReportReporter -->
<testsuite hostname="Semas-MacBook-Pro.local" failures="0" tests="1" name="com.qa.testcases.ClassA" time="0.008" errors="0" timestamp="2023-11-13T14:38:31 EST" skipped="0">
  <testcase classname="com.qa.testcases.ClassA" name="testA" time="0.008"/>
  <system-out/>
</testsuite> <!-- com.qa.testcases.ClassA -->
