<?xml version="1.0" encoding="UTF-8"?>
<!-- Generated by org.testng.reporters.JUnitReportReporter -->
<testsuite hostname="Semas-MacBook-Pro.local" failures="0" tests="1" name="com.neotech.testcases.DataProviderDemo" time="0.007" errors="0" timestamp="2022-06-11T13:54:29 MDT" skipped="0">
  <testcase classname="com.neotech.testcases.DataProviderDemo" name="printInformation" time="0.007"/>
  <system-out/>
</testsuite> <!-- com.neotech.testcases.DataProviderDemo -->
